0 info it worked if it ends with ok
1 verbose cli [ 'node', '/usr/local/bin/npm', 'install', '-g', 'kss-node' ]
2 info using npm@1.4.28
3 info using node@v0.10.32
4 verbose cache add [ 'kss-node', null ]
5 verbose cache add name=undefined spec="kss-node" args=["kss-node",null]
6 verbose parsed url { protocol: null,
6 verbose parsed url   slashes: null,
6 verbose parsed url   auth: null,
6 verbose parsed url   host: null,
6 verbose parsed url   port: null,
6 verbose parsed url   hostname: null,
6 verbose parsed url   hash: null,
6 verbose parsed url   search: null,
6 verbose parsed url   query: null,
6 verbose parsed url   pathname: 'kss-node',
6 verbose parsed url   path: 'kss-node',
6 verbose parsed url   href: 'kss-node' }
7 silly lockFile 0c3c7ba5-kss-node kss-node
8 verbose lock kss-node /Users/garrett.baker/.npm/0c3c7ba5-kss-node.lock
9 silly lockFile 0c3c7ba5-kss-node kss-node
10 silly lockFile 0c3c7ba5-kss-node kss-node
11 verbose addNamed [ 'kss-node', '' ]
12 verbose addNamed [ null, '*' ]
13 silly lockFile cd789a80-kss-node kss-node@
14 verbose lock kss-node@ /Users/garrett.baker/.npm/cd789a80-kss-node.lock
15 silly addNameRange { name: 'kss-node', range: '*', hasData: false }
16 verbose request where is /kss-node
17 verbose request registry https://registry.npmjs.org/
18 verbose request id f7934a77bcc7a1b8
19 verbose url raw /kss-node
20 verbose url resolving [ 'https://registry.npmjs.org/', './kss-node' ]
21 verbose url resolved https://registry.npmjs.org/kss-node
22 verbose request where is https://registry.npmjs.org/kss-node
23 info trying registry request attempt 1 at 06:01:11
24 http GET https://registry.npmjs.org/kss-node
25 http 404 https://registry.npmjs.org/kss-node
26 verbose headers { date: 'Sat, 07 Mar 2015 11:01:13 GMT',
26 verbose headers   server: 'CouchDB/1.5.0 (Erlang OTP/R16B03)',
26 verbose headers   'content-type': 'application/json',
26 verbose headers   'cache-control': 'max-age=0',
26 verbose headers   'content-length': '52',
26 verbose headers   'accept-ranges': 'bytes',
26 verbose headers   via: '1.1 varnish',
26 verbose headers   age: '0',
26 verbose headers   'x-served-by': 'cache-ord1723-ORD',
26 verbose headers   'x-cache': 'MISS',
26 verbose headers   'x-cache-hits': '0',
26 verbose headers   'x-timer': 'S1425726073.694015,VS0,VE33',
26 verbose headers   'keep-alive': 'timeout=10, max=50',
26 verbose headers   connection: 'Keep-Alive' }
27 silly registry.get cb [ 404,
27 silly registry.get   { date: 'Sat, 07 Mar 2015 11:01:13 GMT',
27 silly registry.get     server: 'CouchDB/1.5.0 (Erlang OTP/R16B03)',
27 silly registry.get     'content-type': 'application/json',
27 silly registry.get     'cache-control': 'max-age=0',
27 silly registry.get     'content-length': '52',
27 silly registry.get     'accept-ranges': 'bytes',
27 silly registry.get     via: '1.1 varnish',
27 silly registry.get     age: '0',
27 silly registry.get     'x-served-by': 'cache-ord1723-ORD',
27 silly registry.get     'x-cache': 'MISS',
27 silly registry.get     'x-cache-hits': '0',
27 silly registry.get     'x-timer': 'S1425726073.694015,VS0,VE33',
27 silly registry.get     'keep-alive': 'timeout=10, max=50',
27 silly registry.get     connection: 'Keep-Alive' } ]
28 silly lockFile cd789a80-kss-node kss-node@
29 silly lockFile cd789a80-kss-node kss-node@
30 error 404 404 Not Found: kss-node
30 error 404
30 error 404 'kss-node' is not in the npm registry.
30 error 404 You should bug the author to publish it
30 error 404
30 error 404 Note that you can also install from a
30 error 404 tarball, folder, or http url, or git url.
31 error System Darwin 13.4.0
32 error command "node" "/usr/local/bin/npm" "install" "-g" "kss-node"
33 error cwd /Users/garrett.baker/Projects/Personal/mogul
34 error node -v v0.10.32
35 error npm -v 1.4.28
36 error code E404
37 verbose exit [ 1, true ]
